# JRE version: OpenJDK Runtime Environment (8.0_242-b01) (build 1.8.0_242-release-1644-b01)
# Java VM: OpenJDK 64-Bit Server VM (25.242-b01 mixed mode windows-amd64 compressed oops)
Heap:
 PSYoungGen      total 646656K, used 466908K [0x00000000d5580000, 0x00000000ffb00000, 0x0000000100000000)
  eden space 606720K, 75% used [0x00000000d5580000,0x00000000f12a57b8,0x00000000fa600000)
  from space 39936K, 27% used [0x00000000fd400000,0x00000000fded1938,0x00000000ffb00000)
  to   space 43520K, 0% used [0x00000000fa600000,0x00000000fa600000,0x00000000fd080000)
 ParOldGen       total 160768K, used 111517K [0x0000000080000000, 0x0000000089d00000, 0x00000000d5580000)
  object space 160768K, 69% used [0x0000000080000000,0x0000000086ce74b0,0x0000000089d00000)
 Metaspace       used 118504K, capacity 124888K, committed 125232K, reserved 1159168K
  class space    used 15089K, capacity 16316K, committed 16432K, reserved 1048576K
GC Heap History (10 events):
Event: 321.767 GC heap before
{Heap before GC invocations=20 (full 4):
 PSYoungGen      total 472064K, used 445440K [0x00000000d5580000, 0x00000000fa500000, 0x0000000100000000)
  eden space 445440K, 100% used [0x00000000d5580000,0x00000000f0880000,0x00000000f0880000)
  from space 26624K, 0% used [0x00000000f0880000,0x00000000f0880000,0x00000000f2280000)
  to   space 32768K, 0% used [0x00000000f8500000,0x00000000f8500000,0x00000000fa500000)
 ParOldGen       total 160768K, used 84824K [0x0000000080000000, 0x0000000089d00000, 0x00000000d5580000)
  object space 160768K, 52% used [0x0000000080000000,0x00000000852d6268,0x0000000089d00000)
 Metaspace       used 97836K, capacity 102474K, committed 102704K, reserved 1138688K
  class space    used 12593K, capacity 13547K, committed 13616K, reserved 1048576K
Event: 321.805 GC heap after
Heap after GC invocations=20 (full 4):
 PSYoungGen      total 570368K, used 25539K [0x00000000d5580000, 0x00000000faa80000, 0x0000000100000000)
  eden space 537600K, 0% used [0x00000000d5580000,0x00000000d5580000,0x00000000f6280000)
  from space 32768K, 77% used [0x00000000f8500000,0x00000000f9df0fa8,0x00000000fa500000)
  to   space 35328K, 0% used [0x00000000f6280000,0x00000000f6280000,0x00000000f8500000)
 ParOldGen       total 160768K, used 84832K [0x0000000080000000, 0x0000000089d00000, 0x00000000d5580000)
  object space 160768K, 52% used [0x0000000080000000,0x00000000852d8268,0x0000000089d00000)
 Metaspace       used 97836K, capacity 102474K, committed 102704K, reserved 1138688K
  class space    used 12593K, capacity 13547K, committed 13616K, reserved 1048576K
}
Event: 343.842 GC heap before
{Heap before GC invocations=21 (full 4):
 PSYoungGen      total 570368K, used 563139K [0x00000000d5580000, 0x00000000faa80000, 0x0000000100000000)
  eden space 537600K, 100% used [0x00000000d5580000,0x00000000f6280000,0x00000000f6280000)
  from space 32768K, 77% used [0x00000000f8500000,0x00000000f9df0fa8,0x00000000fa500000)
  to   space 35328K, 0% used [0x00000000f6280000,0x00000000f6280000,0x00000000f8500000)
 ParOldGen       total 160768K, used 84832K [0x0000000080000000, 0x0000000089d00000, 0x00000000d5580000)
  object space 160768K, 52% used [0x0000000080000000,0x00000000852d8268,0x0000000089d00000)
 Metaspace       used 105529K, capacity 110350K, committed 110512K, reserved 1144832K
  class space    used 13411K, capacity 14419K, committed 14512K, reserved 1048576K
Event: 343.906 GC heap after
Heap after GC invocations=21 (full 4):
 PSYoungGen      total 572928K, used 30792K [0x00000000d5580000, 0x00000000fef80000, 0x0000000100000000)
  eden space 537600K, 0% used [0x00000000d5580000,0x00000000d5580000,0x00000000f6280000)
  from space 35328K, 87% used [0x00000000f6280000,0x00000000f8092240,0x00000000f8500000)
  to   space 38912K, 0% used [0x00000000fc980000,0x00000000fc980000,0x00000000fef80000)
 ParOldGen       total 160768K, used 84840K [0x0000000080000000, 0x0000000089d00000, 0x00000000d5580000)
  object space 160768K, 52% used [0x0000000080000000,0x00000000852da268,0x0000000089d00000)
 Metaspace       used 105529K, capacity 110350K, committed 110512K, reserved 1144832K
  class space    used 13411K, capacity 14419K, committed 14512K, reserved 1048576K
}
Event: 349.790 GC heap before
{Heap before GC invocations=22 (full 4):
 PSYoungGen      total 572928K, used 568392K [0x00000000d5580000, 0x00000000fef80000, 0x0000000100000000)
  eden space 537600K, 100% used [0x00000000d5580000,0x00000000f6280000,0x00000000f6280000)
  from space 35328K, 87% used [0x00000000f6280000,0x00000000f8092240,0x00000000f8500000)
  to   space 38912K, 0% used [0x00000000fc980000,0x00000000fc980000,0x00000000fef80000)
 ParOldGen       total 160768K, used 84840K [0x0000000080000000, 0x0000000089d00000, 0x00000000d5580000)
  object space 160768K, 52% used [0x0000000080000000,0x00000000852da268,0x0000000089d00000)
 Metaspace       used 115162K, capacity 120926K, committed 121136K, reserved 1155072K
  class space    used 14717K, capacity 15837K, committed 15920K, reserved 1048576K
Event: 349.869 GC heap after
Heap after GC invocations=22 (full 4):
 PSYoungGen      total 634880K, used 38902K [0x00000000d5580000, 0x0000000100000000, 0x0000000100000000)
  eden space 595968K, 0% used [0x00000000d5580000,0x00000000d5580000,0x00000000f9b80000)
  from space 38912K, 99% used [0x00000000fc980000,0x00000000fef7d9f8,0x00000000fef80000)
  to   space 47104K, 0% used [0x00000000f9b80000,0x00000000f9b80000,0x00000000fc980000)
 ParOldGen       total 160768K, used 90042K [0x0000000080000000, 0x0000000089d00000, 0x00000000d5580000)
  object space 160768K, 56% used [0x0000000080000000,0x00000000857ee9d0,0x0000000089d00000)
 Metaspace       used 115162K, capacity 120926K, committed 121136K, reserved 1155072K
  class space    used 14717K, capacity 15837K, committed 15920K, reserved 1048576K
}
Event: 353.369 GC heap before
{Heap before GC invocations=23 (full 4):
 PSYoungGen      total 634880K, used 634870K [0x00000000d5580000, 0x0000000100000000, 0x0000000100000000)
  eden space 595968K, 100% used [0x00000000d5580000,0x00000000f9b80000,0x00000000f9b80000)
  from space 38912K, 99% used [0x00000000fc980000,0x00000000fef7d9f8,0x00000000fef80000)
  to   space 47104K, 0% used [0x00000000f9b80000,0x00000000f9b80000,0x00000000fc980000)
 ParOldGen       total 160768K, used 90042K [0x0000000080000000, 0x0000000089d00000, 0x00000000d5580000)
  object space 160768K, 56% used [0x0000000080000000,0x00000000857ee9d0,0x0000000089d00000)
 Metaspace       used 115483K, capacity 121244K, committed 121392K, reserved 1155072K
  class space    used 14721K, capacity 15842K, committed 15920K, reserved 1048576K
Event: 353.468 GC heap after
Heap after GC invocations=23 (full 4):
 PSYoungGen      total 643072K, used 15291K [0x00000000d5580000, 0x0000000100000000, 0x0000000100000000)
  eden space 595968K, 0% used [0x00000000d5580000,0x00000000d5580000,0x00000000f9b80000)
  from space 47104K, 32% used [0x00000000f9b80000,0x00000000faa6ef88,0x00000000fc980000)
  to   space 45056K, 0% used [0x00000000fd400000,0x00000000fd400000,0x0000000100000000)
 ParOldGen       total 160768K, used 111509K [0x0000000080000000, 0x0000000089d00000, 0x00000000d5580000)
  object space 160768K, 69% used [0x0000000080000000,0x0000000086ce54b0,0x0000000089d00000)
 Metaspace       used 115483K, capacity 121244K, committed 121392K, reserved 1155072K
  class space    used 14721K, capacity 15842K, committed 15920K, reserved 1048576K
}
Event: 359.972 GC heap before
{Heap before GC invocations=24 (full 4):
 PSYoungGen      total 643072K, used 611259K [0x00000000d5580000, 0x0000000100000000, 0x0000000100000000)
  eden space 595968K, 100% used [0x00000000d5580000,0x00000000f9b80000,0x00000000f9b80000)
  from space 47104K, 32% used [0x00000000f9b80000,0x00000000faa6ef88,0x00000000fc980000)
  to   space 45056K, 0% used [0x00000000fd400000,0x00000000fd400000,0x0000000100000000)
 ParOldGen       total 160768K, used 111509K [0x0000000080000000, 0x0000000089d00000, 0x00000000d5580000)
  object space 160768K, 69% used [0x0000000080000000,0x0000000086ce54b0,0x0000000089d00000)
 Metaspace       used 116780K, capacity 122770K, committed 122800K, reserved 1157120K
  class space    used 14833K, capacity 16031K, committed 16048K, reserved 1048576K
Event: 360.004 GC heap after
Heap after GC invocations=24 (full 4):
 PSYoungGen      total 646656K, used 11078K [0x00000000d5580000, 0x00000000ffb00000, 0x0000000100000000)
  eden space 606720K, 0% used [0x00000000d5580000,0x00000000d5580000,0x00000000fa600000)
  from space 39936K, 27% used [0x00000000fd400000,0x00000000fded1938,0x00000000ffb00000)
  to   space 43520K, 0% used [0x00000000fa600000,0x00000000fa600000,0x00000000fd080000)
 ParOldGen       total 160768K, used 111517K [0x0000000080000000, 0x0000000089d00000, 0x00000000d5580000)
  object space 160768K, 69% used [0x0000000080000000,0x0000000086ce74b0,0x0000000089d00000)
 Metaspace       used 116780K, capacity 122770K, committed 122800K, reserved 1157120K
  class space    used 14833K, capacity 16031K, committed 16048K, reserved 1048576K
}

